2025-01-20 16:34:10,614 INFO o.a.j.u.JMeterUtils: Setting Locale to en_US
2025-01-20 16:34:10,643 INFO o.a.j.JMeter: Loading system properties from: system.properties
2025-01-20 16:34:10,643 INFO o.a.j.JMeter: Setting System property: sun.net.http.allowRestrictedHeaders=true
2025-01-20 16:34:10,651 INFO o.a.j.JMeter: Copyright (c) 1998-2023 The Apache Software Foundation
2025-01-20 16:34:10,651 INFO o.a.j.JMeter: Version 5.6.2
2025-01-20 16:34:10,651 INFO o.a.j.JMeter: java.version=21.0.5
2025-01-20 16:34:10,651 INFO o.a.j.JMeter: java.vm.name=Java HotSpot(TM) 64-Bit Server VM
2025-01-20 16:34:10,661 INFO o.a.j.JMeter: os.name=Windows 11
2025-01-20 16:34:10,661 INFO o.a.j.JMeter: os.arch=amd64
2025-01-20 16:34:10,661 INFO o.a.j.JMeter: os.version=10.0
2025-01-20 16:34:10,661 INFO o.a.j.JMeter: file.encoding=UTF-8
2025-01-20 16:34:10,661 INFO o.a.j.JMeter: java.awt.headless=true
2025-01-20 16:34:10,661 INFO o.a.j.JMeter: Max memory     =536870912
2025-01-20 16:34:10,661 INFO o.a.j.JMeter: Available Processors =8
2025-01-20 16:34:10,669 INFO o.a.j.JMeter: Default Locale=English (United States)
2025-01-20 16:34:10,672 INFO o.a.j.JMeter: JMeter  Locale=English (United States)
2025-01-20 16:34:10,672 INFO o.a.j.JMeter: JMeterHome=C:\Users\Vaibhav.Kadam\eclipse-workspace\JmeterDemo\target\fc957c15-d348-43c8-88c5-4e41dcf58ba8\jmeter
2025-01-20 16:34:10,672 INFO o.a.j.JMeter: user.dir  =C:\Users\Vaibhav.Kadam\eclipse-workspace\JmeterDemo\target\fc957c15-d348-43c8-88c5-4e41dcf58ba8\jmeter\bin
2025-01-20 16:34:10,672 INFO o.a.j.JMeter: PWD       =C:\Users\Vaibhav.Kadam\eclipse-workspace\JmeterDemo\target\fc957c15-d348-43c8-88c5-4e41dcf58ba8\jmeter\bin
2025-01-20 16:34:10,674 INFO o.a.j.JMeter: IP: 192.168.1.6 Name: MUM-LAP-1240 FullName: MUM-LAP-1240.global.internal
2025-01-20 16:34:10,687 INFO o.a.j.s.FileServer: Default base='C:\Users\Vaibhav.Kadam\eclipse-workspace\JmeterDemo\target\fc957c15-d348-43c8-88c5-4e41dcf58ba8\jmeter\bin'
2025-01-20 16:34:10,687 INFO o.a.j.s.FileServer: Set new base='C:\Users\Vaibhav.Kadam\eclipse-workspace\JmeterDemo\target\jmeter\testFiles'
2025-01-20 16:34:10,916 INFO o.a.j.s.SaveService: Testplan (JMX) version: 2.2. Testlog (JTL) version: 2.2
2025-01-20 16:34:10,952 INFO o.a.j.s.SaveService: Using SaveService properties version 5.0
2025-01-20 16:34:10,961 INFO o.a.j.s.SaveService: Using SaveService properties file encoding UTF-8
2025-01-20 16:34:10,963 INFO o.a.j.s.SaveService: Loading file: C:\Users\Vaibhav.Kadam\eclipse-workspace\JmeterDemo\target\jmeter\testFiles\PetStoreLogin.jmx
2025-01-20 16:34:11,008 INFO o.a.j.p.h.c.CookieManager: Settings: Delete null: true Check: true Allow variable: true Save: false Prefix: COOKIE_
2025-01-20 16:34:11,008 INFO o.a.j.p.h.c.CacheManager: Will only cache the following methods: [GET]
2025-01-20 16:34:11,039 INFO o.a.j.p.h.s.HTTPSamplerBase: Parser for text/html is org.apache.jmeter.protocol.http.parser.LagartoBasedHtmlParser
2025-01-20 16:34:11,039 INFO o.a.j.p.h.s.HTTPSamplerBase: Parser for application/xhtml+xml is org.apache.jmeter.protocol.http.parser.LagartoBasedHtmlParser
2025-01-20 16:34:11,039 INFO o.a.j.p.h.s.HTTPSamplerBase: Parser for application/xml is org.apache.jmeter.protocol.http.parser.LagartoBasedHtmlParser
2025-01-20 16:34:11,039 INFO o.a.j.p.h.s.HTTPSamplerBase: Parser for text/xml is org.apache.jmeter.protocol.http.parser.LagartoBasedHtmlParser
2025-01-20 16:34:11,039 INFO o.a.j.p.h.s.HTTPSamplerBase: Parser for text/vnd.wap.wml is org.apache.jmeter.protocol.http.parser.RegexpHTMLParser
2025-01-20 16:34:11,039 INFO o.a.j.p.h.s.HTTPSamplerBase: Parser for text/css is org.apache.jmeter.protocol.http.parser.CssParser
2025-01-20 16:34:11,107 INFO o.a.j.JMeter: Creating summariser <summary>
2025-01-20 16:34:11,123 INFO o.a.j.e.StandardJMeterEngine: Running the test!
2025-01-20 16:34:11,123 INFO o.a.j.s.SampleEvent: List of sample_variables: []
2025-01-20 16:34:11,123 INFO o.a.j.s.SampleEvent: List of sample_variables: []
2025-01-20 16:34:11,133 INFO o.a.j.e.u.CompoundVariable: Note: Function class names must contain the string: '.functions.'
2025-01-20 16:34:11,133 INFO o.a.j.e.u.CompoundVariable: Note: Function class names must not contain the string: '.gui.'
2025-01-20 16:34:11,229 INFO o.a.j.r.ClassFinder: Will scan jar C:\Users\Vaibhav.Kadam\eclipse-workspace\JmeterDemo\target\fc957c15-d348-43c8-88c5-4e41dcf58ba8\jmeter\lib\ext\jmeter-plugins-casutg-2.10.jar with filter ExtendsClassFilter [parents=[interface org.apache.jmeter.functions.Function], inner=false, contains=null, notContains=null]. Consider exposing JMeter plugins via META-INF/services, and add JMeter-Skip-Class-Scanning=true manifest attribute so JMeter can skip classfile scanning
2025-01-20 16:34:11,326 INFO o.a.j.JMeter: Running test (1737371051326)
2025-01-20 16:34:11,340 INFO o.a.j.e.StandardJMeterEngine: Starting ThreadGroup: 1 : Thread Group
2025-01-20 16:34:11,340 INFO o.a.j.e.StandardJMeterEngine: Starting 1 threads for group Thread Group.
2025-01-20 16:34:11,340 INFO o.a.j.e.StandardJMeterEngine: Thread will continue on error
2025-01-20 16:34:11,340 INFO o.a.j.t.ThreadGroup: Starting thread group... number=1 threads=1 ramp-up=1 delayedStart=false
2025-01-20 16:34:11,348 INFO o.a.j.t.ThreadGroup: Started thread group number 1
2025-01-20 16:34:11,348 INFO o.a.j.e.StandardJMeterEngine: Waiting for thread group: Thread Group to finish before starting next group
2025-01-20 16:34:11,463 INFO o.a.j.s.SampleResult: Note: Sample TimeStamps are START times
2025-01-20 16:34:11,463 INFO o.a.j.s.SampleResult: sampleresult.default.encoding is set to UTF-8
2025-01-20 16:34:11,463 INFO o.a.j.s.SampleResult: sampleresult.useNanoTime=true
2025-01-20 16:34:11,463 INFO o.a.j.s.SampleResult: sampleresult.nanoThreadSleep=5000
2025-01-20 16:34:11,465 INFO o.a.j.t.JMeterThread: Thread started: Thread Group 1-1
2025-01-20 16:34:11,467 INFO o.a.j.s.FileServer: Stored: C:/Users/Vaibhav.Kadam/eclipse-workspace/JmeterDemo/src/test/resources/LoginData.csv
2025-01-20 16:34:11,474 WARN o.a.j.p.h.s.HTTPSamplerBase: Existing DNSCacheManager DNS Cache Manager superseded by DNS Cache Manager
2025-01-20 16:34:11,474 WARN o.a.j.p.h.s.HTTPSamplerBase: Existing AuthManager HTTP Authorization Manager superseded by HTTP Authorization Manager
2025-01-20 16:34:11,480 WARN o.a.j.p.h.s.HTTPSamplerBase: Existing CookieManager HTTP Cookie Manager superseded by HTTP Cookie Manager
2025-01-20 16:34:11,480 WARN o.a.j.p.h.s.HTTPSamplerBase: Existing CacheManager HTTP Cache Manager superseded by HTTP Cache Manager
2025-01-20 16:34:11,480 WARN o.a.j.p.h.s.HTTPSamplerBase: Existing DNSCacheManager DNS Cache Manager superseded by DNS Cache Manager
2025-01-20 16:34:11,480 WARN o.a.j.p.h.s.HTTPSamplerBase: Existing AuthManager HTTP Authorization Manager superseded by HTTP Authorization Manager
2025-01-20 16:34:11,480 WARN o.a.j.p.h.s.HTTPSamplerBase: Existing CookieManager HTTP Cookie Manager superseded by HTTP Cookie Manager
2025-01-20 16:34:11,480 WARN o.a.j.p.h.s.HTTPSamplerBase: Existing CacheManager HTTP Cache Manager superseded by HTTP Cache Manager
2025-01-20 16:34:11,496 INFO o.a.j.p.h.s.HTTPHCAbstractImpl: Local host = MUM-LAP-1240
2025-01-20 16:34:11,499 INFO o.a.j.p.h.s.HTTPHC4Impl: HTTP request retry count = 0
2025-01-20 16:34:11,577 INFO o.a.j.p.h.s.h.LazyLayeredConnectionSocketFactory: Setting up HTTPS TrustAll Socket Factory
2025-01-20 16:34:11,585 INFO o.a.j.u.JsseSSLManager: Using default SSL protocol: TLS
2025-01-20 16:34:11,585 INFO o.a.j.u.JsseSSLManager: SSL session context: per-thread
2025-01-20 16:34:11,875 INFO o.a.j.u.SSLManager: JmeterKeyStore Location:  type JKS
2025-01-20 16:34:11,878 INFO o.a.j.u.SSLManager: KeyStore created OK
2025-01-20 16:34:11,878 WARN o.a.j.u.SSLManager: Keystore file not found, loading empty keystore
2025-01-20 16:34:13,944 INFO o.a.j.t.JMeterThread: Thread is done: Thread Group 1-1
2025-01-20 16:34:13,944 INFO o.a.j.t.JMeterThread: Thread finished: Thread Group 1-1
2025-01-20 16:34:13,949 INFO o.a.j.e.StandardJMeterEngine: Starting ThreadGroup: 2 : Thread Group
2025-01-20 16:34:13,949 INFO o.a.j.e.StandardJMeterEngine: Starting 1 threads for group Thread Group.
2025-01-20 16:34:13,949 INFO o.a.j.e.StandardJMeterEngine: Thread will continue on error
2025-01-20 16:34:13,949 INFO o.a.j.t.ThreadGroup: Starting thread group... number=2 threads=1 ramp-up=1 delayedStart=false
2025-01-20 16:34:13,952 INFO o.a.j.t.ThreadGroup: Started thread group number 2
2025-01-20 16:34:13,952 INFO o.a.j.e.StandardJMeterEngine: Waiting for thread group: Thread Group to finish before starting next group
2025-01-20 16:34:13,952 INFO o.a.j.t.JMeterThread: Thread started: Thread Group 2-1
2025-01-20 16:34:13,952 WARN o.a.j.p.h.s.HTTPSamplerBase: Existing DNSCacheManager DNS Cache Manager superseded by DNS Cache Manager
2025-01-20 16:34:13,954 WARN o.a.j.p.h.s.HTTPSamplerBase: Existing AuthManager HTTP Authorization Manager superseded by HTTP Authorization Manager
2025-01-20 16:34:13,954 WARN o.a.j.p.h.s.HTTPSamplerBase: Existing CookieManager HTTP Cookie Manager superseded by HTTP Cookie Manager
2025-01-20 16:34:13,954 WARN o.a.j.p.h.s.HTTPSamplerBase: Existing CacheManager HTTP Cache Manager superseded by HTTP Cache Manager
2025-01-20 16:34:13,954 WARN o.a.j.p.h.s.HTTPSamplerBase: Existing DNSCacheManager DNS Cache Manager superseded by DNS Cache Manager
2025-01-20 16:34:13,954 WARN o.a.j.p.h.s.HTTPSamplerBase: Existing AuthManager HTTP Authorization Manager superseded by HTTP Authorization Manager
2025-01-20 16:34:13,954 WARN o.a.j.p.h.s.HTTPSamplerBase: Existing CookieManager HTTP Cookie Manager superseded by HTTP Cookie Manager
2025-01-20 16:34:13,954 WARN o.a.j.p.h.s.HTTPSamplerBase: Existing CacheManager HTTP Cache Manager superseded by HTTP Cache Manager
2025-01-20 16:34:15,368 WARN o.a.j.p.h.s.HTTPSamplerBase: Existing DNSCacheManager DNS Cache Manager superseded by DNS Cache Manager
2025-01-20 16:34:15,368 WARN o.a.j.p.h.s.HTTPSamplerBase: Existing AuthManager HTTP Authorization Manager superseded by HTTP Authorization Manager
2025-01-20 16:34:15,368 WARN o.a.j.p.h.s.HTTPSamplerBase: Existing CookieManager HTTP Cookie Manager superseded by HTTP Cookie Manager
2025-01-20 16:34:15,368 WARN o.a.j.p.h.s.HTTPSamplerBase: Existing CacheManager HTTP Cache Manager superseded by HTTP Cache Manager
2025-01-20 16:34:15,368 WARN o.a.j.p.h.s.HTTPSamplerBase: Existing DNSCacheManager DNS Cache Manager superseded by DNS Cache Manager
2025-01-20 16:34:15,368 WARN o.a.j.p.h.s.HTTPSamplerBase: Existing AuthManager HTTP Authorization Manager superseded by HTTP Authorization Manager
2025-01-20 16:34:15,368 WARN o.a.j.p.h.s.HTTPSamplerBase: Existing CookieManager HTTP Cookie Manager superseded by HTTP Cookie Manager
2025-01-20 16:34:15,368 WARN o.a.j.p.h.s.HTTPSamplerBase: Existing CacheManager HTTP Cache Manager superseded by HTTP Cache Manager
2025-01-20 16:34:22,977 INFO o.a.j.t.JMeterThread: Thread is done: Thread Group 2-1
2025-01-20 16:34:22,977 INFO o.a.j.t.JMeterThread: Thread finished: Thread Group 2-1
2025-01-20 16:34:22,977 INFO o.a.j.e.StandardJMeterEngine: Starting ThreadGroup: 3 : Thread Group
2025-01-20 16:34:22,977 INFO o.a.j.e.StandardJMeterEngine: Starting 1 threads for group Thread Group.
2025-01-20 16:34:22,977 INFO o.a.j.e.StandardJMeterEngine: Thread will continue on error
2025-01-20 16:34:22,977 INFO o.a.j.t.ThreadGroup: Starting thread group... number=3 threads=1 ramp-up=1 delayedStart=false
2025-01-20 16:34:22,984 INFO o.a.j.t.ThreadGroup: Started thread group number 3
2025-01-20 16:34:22,984 INFO o.a.j.e.StandardJMeterEngine: Waiting for thread group: Thread Group to finish before starting next group
2025-01-20 16:34:22,984 INFO o.a.j.t.JMeterThread: Thread started: Thread Group 3-1
2025-01-20 16:34:22,984 WARN o.a.j.p.h.s.HTTPSamplerBase: Existing DNSCacheManager DNS Cache Manager superseded by DNS Cache Manager
2025-01-20 16:34:22,984 WARN o.a.j.p.h.s.HTTPSamplerBase: Existing AuthManager HTTP Authorization Manager superseded by HTTP Authorization Manager
2025-01-20 16:34:22,984 WARN o.a.j.p.h.s.HTTPSamplerBase: Existing CookieManager HTTP Cookie Manager superseded by HTTP Cookie Manager
2025-01-20 16:34:22,984 WARN o.a.j.p.h.s.HTTPSamplerBase: Existing CacheManager HTTP Cache Manager superseded by HTTP Cache Manager
2025-01-20 16:34:22,984 WARN o.a.j.p.h.s.HTTPSamplerBase: Existing DNSCacheManager DNS Cache Manager superseded by DNS Cache Manager
2025-01-20 16:34:22,984 WARN o.a.j.p.h.s.HTTPSamplerBase: Existing AuthManager HTTP Authorization Manager superseded by HTTP Authorization Manager
2025-01-20 16:34:22,984 WARN o.a.j.p.h.s.HTTPSamplerBase: Existing CookieManager HTTP Cookie Manager superseded by HTTP Cookie Manager
2025-01-20 16:34:22,984 WARN o.a.j.p.h.s.HTTPSamplerBase: Existing CacheManager HTTP Cache Manager superseded by HTTP Cache Manager
2025-01-20 16:34:23,399 INFO o.a.j.t.JMeterThread: Thread is done: Thread Group 3-1
2025-01-20 16:34:23,399 INFO o.a.j.t.JMeterThread: Thread finished: Thread Group 3-1
2025-01-20 16:34:23,403 INFO o.a.j.e.StandardJMeterEngine: Starting ThreadGroup: 4 : Thread Group
2025-01-20 16:34:23,403 INFO o.a.j.e.StandardJMeterEngine: Starting 1 threads for group Thread Group.
2025-01-20 16:34:23,403 INFO o.a.j.e.StandardJMeterEngine: Thread will continue on error
2025-01-20 16:34:23,403 INFO o.a.j.t.ThreadGroup: Starting thread group... number=4 threads=1 ramp-up=1 delayedStart=false
2025-01-20 16:34:23,409 INFO o.a.j.t.ThreadGroup: Started thread group number 4
2025-01-20 16:34:23,409 INFO o.a.j.e.StandardJMeterEngine: All thread groups have been started
2025-01-20 16:34:23,409 INFO o.a.j.t.JMeterThread: Thread started: Thread Group 4-1
2025-01-20 16:34:23,412 WARN o.a.j.p.h.s.HTTPSamplerBase: Existing DNSCacheManager DNS Cache Manager superseded by DNS Cache Manager
2025-01-20 16:34:23,412 WARN o.a.j.p.h.s.HTTPSamplerBase: Existing AuthManager HTTP Authorization Manager superseded by HTTP Authorization Manager
2025-01-20 16:34:23,412 WARN o.a.j.p.h.s.HTTPSamplerBase: Existing CookieManager HTTP Cookie Manager superseded by HTTP Cookie Manager
2025-01-20 16:34:23,414 WARN o.a.j.p.h.s.HTTPSamplerBase: Existing CacheManager HTTP Cache Manager superseded by HTTP Cache Manager
2025-01-20 16:34:23,414 WARN o.a.j.p.h.s.HTTPSamplerBase: Existing DNSCacheManager DNS Cache Manager superseded by DNS Cache Manager
2025-01-20 16:34:23,414 WARN o.a.j.p.h.s.HTTPSamplerBase: Existing AuthManager HTTP Authorization Manager superseded by HTTP Authorization Manager
2025-01-20 16:34:23,414 WARN o.a.j.p.h.s.HTTPSamplerBase: Existing CookieManager HTTP Cookie Manager superseded by HTTP Cookie Manager
2025-01-20 16:34:23,414 WARN o.a.j.p.h.s.HTTPSamplerBase: Existing CacheManager HTTP Cache Manager superseded by HTTP Cache Manager
2025-01-20 16:34:25,247 WARN o.a.j.p.h.s.HTTPSamplerBase: Existing DNSCacheManager DNS Cache Manager superseded by DNS Cache Manager
2025-01-20 16:34:25,247 WARN o.a.j.p.h.s.HTTPSamplerBase: Existing AuthManager HTTP Authorization Manager superseded by HTTP Authorization Manager
2025-01-20 16:34:25,247 WARN o.a.j.p.h.s.HTTPSamplerBase: Existing CookieManager HTTP Cookie Manager superseded by HTTP Cookie Manager
2025-01-20 16:34:25,247 WARN o.a.j.p.h.s.HTTPSamplerBase: Existing CacheManager HTTP Cache Manager superseded by HTTP Cache Manager
2025-01-20 16:34:25,249 WARN o.a.j.p.h.s.HTTPSamplerBase: Existing DNSCacheManager DNS Cache Manager superseded by DNS Cache Manager
2025-01-20 16:34:25,249 WARN o.a.j.p.h.s.HTTPSamplerBase: Existing AuthManager HTTP Authorization Manager superseded by HTTP Authorization Manager
2025-01-20 16:34:25,249 WARN o.a.j.p.h.s.HTTPSamplerBase: Existing CookieManager HTTP Cookie Manager superseded by HTTP Cookie Manager
2025-01-20 16:34:25,249 WARN o.a.j.p.h.s.HTTPSamplerBase: Existing CacheManager HTTP Cache Manager superseded by HTTP Cache Manager
2025-01-20 16:34:54,606 INFO o.a.j.t.JMeterThread: Thread is done: Thread Group 4-1
2025-01-20 16:34:54,606 INFO o.a.j.t.JMeterThread: Thread finished: Thread Group 4-1
2025-01-20 16:34:54,606 INFO o.a.j.e.StandardJMeterEngine: Notifying test listeners of end of test
2025-01-20 16:34:54,606 INFO o.a.j.s.FileServer: Close: C:/Users/Vaibhav.Kadam/eclipse-workspace/JmeterDemo/src/test/resources/LoginData.csv
2025-01-20 16:34:54,622 INFO o.a.j.r.Summariser: summary =      6 in 00:00:43 =    0.1/s Avg:  1215 Min:   399 Max:  2284 Err:     1 (16.67%)
