2025-01-20 16:34:57,876 INFO o.a.j.u.JMeterUtils: Setting Locale to en_US
2025-01-20 16:34:57,918 INFO o.a.j.JMeter: Loading system properties from: system.properties
2025-01-20 16:34:57,919 INFO o.a.j.JMeter: Setting System property: sun.net.http.allowRestrictedHeaders=true
2025-01-20 16:34:57,928 INFO o.a.j.JMeter: Copyright (c) 1998-2023 The Apache Software Foundation
2025-01-20 16:34:57,928 INFO o.a.j.JMeter: Version 5.6.2
2025-01-20 16:34:57,928 INFO o.a.j.JMeter: java.version=21.0.5
2025-01-20 16:34:57,928 INFO o.a.j.JMeter: java.vm.name=Java HotSpot(TM) 64-Bit Server VM
2025-01-20 16:34:57,937 INFO o.a.j.JMeter: os.name=Windows 11
2025-01-20 16:34:57,937 INFO o.a.j.JMeter: os.arch=amd64
2025-01-20 16:34:57,937 INFO o.a.j.JMeter: os.version=10.0
2025-01-20 16:34:57,937 INFO o.a.j.JMeter: file.encoding=UTF-8
2025-01-20 16:34:57,937 INFO o.a.j.JMeter: java.awt.headless=true
2025-01-20 16:34:57,937 INFO o.a.j.JMeter: Max memory     =536870912
2025-01-20 16:34:57,937 INFO o.a.j.JMeter: Available Processors =8
2025-01-20 16:34:57,949 INFO o.a.j.JMeter: Default Locale=English (United States)
2025-01-20 16:34:57,949 INFO o.a.j.JMeter: JMeter  Locale=English (United States)
2025-01-20 16:34:57,949 INFO o.a.j.JMeter: JMeterHome=C:\Users\Vaibhav.Kadam\eclipse-workspace\JmeterDemo\target\fc957c15-d348-43c8-88c5-4e41dcf58ba8\jmeter
2025-01-20 16:34:57,949 INFO o.a.j.JMeter: user.dir  =C:\Users\Vaibhav.Kadam\eclipse-workspace\JmeterDemo\target\fc957c15-d348-43c8-88c5-4e41dcf58ba8\jmeter\bin
2025-01-20 16:34:57,950 INFO o.a.j.JMeter: PWD       =C:\Users\Vaibhav.Kadam\eclipse-workspace\JmeterDemo\target\fc957c15-d348-43c8-88c5-4e41dcf58ba8\jmeter\bin
2025-01-20 16:34:57,953 INFO o.a.j.JMeter: IP: 192.168.1.6 Name: MUM-LAP-1240 FullName: MUM-LAP-1240.global.internal
2025-01-20 16:34:57,968 INFO o.a.j.s.FileServer: Default base='C:\Users\Vaibhav.Kadam\eclipse-workspace\JmeterDemo\target\fc957c15-d348-43c8-88c5-4e41dcf58ba8\jmeter\bin'
2025-01-20 16:34:57,970 INFO o.a.j.s.FileServer: Set new base='C:\Users\Vaibhav.Kadam\eclipse-workspace\JmeterDemo\target\jmeter\testFiles'
2025-01-20 16:34:58,187 INFO o.a.j.s.SaveService: Testplan (JMX) version: 2.2. Testlog (JTL) version: 2.2
2025-01-20 16:34:58,228 INFO o.a.j.s.SaveService: Using SaveService properties version 5.0
2025-01-20 16:34:58,233 INFO o.a.j.s.SaveService: Using SaveService properties file encoding UTF-8
2025-01-20 16:34:58,238 INFO o.a.j.s.SaveService: Loading file: C:\Users\Vaibhav.Kadam\eclipse-workspace\JmeterDemo\target\jmeter\testFiles\PetstoreSearch.jmx
2025-01-20 16:34:58,285 INFO o.a.j.p.h.c.CookieManager: Settings: Delete null: true Check: true Allow variable: true Save: false Prefix: COOKIE_
2025-01-20 16:34:58,289 INFO o.a.j.p.h.c.CacheManager: Will only cache the following methods: [GET]
2025-01-20 16:34:58,320 INFO o.a.j.p.h.s.HTTPSamplerBase: Parser for text/html is org.apache.jmeter.protocol.http.parser.LagartoBasedHtmlParser
2025-01-20 16:34:58,320 INFO o.a.j.p.h.s.HTTPSamplerBase: Parser for application/xhtml+xml is org.apache.jmeter.protocol.http.parser.LagartoBasedHtmlParser
2025-01-20 16:34:58,320 INFO o.a.j.p.h.s.HTTPSamplerBase: Parser for application/xml is org.apache.jmeter.protocol.http.parser.LagartoBasedHtmlParser
2025-01-20 16:34:58,320 INFO o.a.j.p.h.s.HTTPSamplerBase: Parser for text/xml is org.apache.jmeter.protocol.http.parser.LagartoBasedHtmlParser
2025-01-20 16:34:58,320 INFO o.a.j.p.h.s.HTTPSamplerBase: Parser for text/vnd.wap.wml is org.apache.jmeter.protocol.http.parser.RegexpHTMLParser
2025-01-20 16:34:58,320 INFO o.a.j.p.h.s.HTTPSamplerBase: Parser for text/css is org.apache.jmeter.protocol.http.parser.CssParser
2025-01-20 16:34:58,337 INFO o.a.j.JMeter: Creating summariser <summary>
2025-01-20 16:34:58,357 INFO o.a.j.e.StandardJMeterEngine: Running the test!
2025-01-20 16:34:58,359 INFO o.a.j.s.SampleEvent: List of sample_variables: []
2025-01-20 16:34:58,359 INFO o.a.j.s.SampleEvent: List of sample_variables: []
2025-01-20 16:34:58,365 INFO o.a.j.e.u.CompoundVariable: Note: Function class names must contain the string: '.functions.'
2025-01-20 16:34:58,366 INFO o.a.j.e.u.CompoundVariable: Note: Function class names must not contain the string: '.gui.'
2025-01-20 16:34:58,456 INFO o.a.j.r.ClassFinder: Will scan jar C:\Users\Vaibhav.Kadam\eclipse-workspace\JmeterDemo\target\fc957c15-d348-43c8-88c5-4e41dcf58ba8\jmeter\lib\ext\jmeter-plugins-casutg-2.10.jar with filter ExtendsClassFilter [parents=[interface org.apache.jmeter.functions.Function], inner=false, contains=null, notContains=null]. Consider exposing JMeter plugins via META-INF/services, and add JMeter-Skip-Class-Scanning=true manifest attribute so JMeter can skip classfile scanning
2025-01-20 16:34:58,551 INFO o.a.j.JMeter: Running test (1737371098551)
2025-01-20 16:34:58,572 INFO o.a.j.e.StandardJMeterEngine: Starting ThreadGroup: 1 : Thread Group
2025-01-20 16:34:58,572 INFO o.a.j.e.StandardJMeterEngine: Starting 1 threads for group Thread Group.
2025-01-20 16:34:58,572 INFO o.a.j.e.StandardJMeterEngine: Thread will continue on error
2025-01-20 16:34:58,573 INFO o.a.j.t.ThreadGroup: Starting thread group... number=1 threads=1 ramp-up=1 delayedStart=false
2025-01-20 16:34:58,577 INFO o.a.j.t.ThreadGroup: Started thread group number 1
2025-01-20 16:34:58,577 INFO o.a.j.e.StandardJMeterEngine: All thread groups have been started
2025-01-20 16:34:58,581 INFO o.a.j.s.SampleResult: Note: Sample TimeStamps are START times
2025-01-20 16:34:58,582 INFO o.a.j.s.SampleResult: sampleresult.default.encoding is set to UTF-8
2025-01-20 16:34:58,582 INFO o.a.j.s.SampleResult: sampleresult.useNanoTime=true
2025-01-20 16:34:58,582 INFO o.a.j.s.SampleResult: sampleresult.nanoThreadSleep=5000
2025-01-20 16:34:58,583 INFO o.a.j.t.JMeterThread: Thread started: Thread Group 1-1
2025-01-20 16:34:58,600 INFO o.a.j.p.h.s.HTTPHCAbstractImpl: Local host = MUM-LAP-1240
2025-01-20 16:34:58,604 INFO o.a.j.p.h.s.HTTPHC4Impl: HTTP request retry count = 0
2025-01-20 16:34:58,679 INFO o.a.j.p.h.s.h.LazyLayeredConnectionSocketFactory: Setting up HTTPS TrustAll Socket Factory
2025-01-20 16:34:58,684 INFO o.a.j.u.JsseSSLManager: Using default SSL protocol: TLS
2025-01-20 16:34:58,684 INFO o.a.j.u.JsseSSLManager: SSL session context: per-thread
2025-01-20 16:34:58,947 INFO o.a.j.u.SSLManager: JmeterKeyStore Location:  type JKS
2025-01-20 16:34:58,952 INFO o.a.j.u.SSLManager: KeyStore created OK
2025-01-20 16:34:58,952 WARN o.a.j.u.SSLManager: Keystore file not found, loading empty keystore
2025-01-20 16:35:00,447 INFO o.a.j.r.Summariser: summary +      1 in 00:00:02 =    0.5/s Avg:  1785 Min:  1785 Max:  1785 Err:     0 (0.00%) Active: 1 Started: 1 Finished: 0
2025-01-20 16:35:14,432 INFO o.a.j.t.JMeterThread: Thread is done: Thread Group 1-1
2025-01-20 16:35:14,432 INFO o.a.j.t.JMeterThread: Thread finished: Thread Group 1-1
2025-01-20 16:35:14,439 INFO o.a.j.e.StandardJMeterEngine: Notifying test listeners of end of test
2025-01-20 16:35:14,441 INFO o.a.j.r.Summariser: summary +      2 in 00:00:14 =    0.1/s Avg:   474 Min:   470 Max:   478 Err:     0 (0.00%) Active: 0 Started: 1 Finished: 1
2025-01-20 16:35:14,441 INFO o.a.j.r.Summariser: summary =      3 in 00:00:16 =    0.2/s Avg:   911 Min:   470 Max:  1785 Err:     0 (0.00%)
