2025-01-20 16:35:17,622 INFO o.a.j.u.JMeterUtils: Setting Locale to en_US
2025-01-20 16:35:17,652 INFO o.a.j.JMeter: Loading system properties from: system.properties
2025-01-20 16:35:17,652 INFO o.a.j.JMeter: Setting System property: sun.net.http.allowRestrictedHeaders=true
2025-01-20 16:35:17,669 INFO o.a.j.JMeter: Copyright (c) 1998-2023 The Apache Software Foundation
2025-01-20 16:35:17,669 INFO o.a.j.JMeter: Version 5.6.2
2025-01-20 16:35:17,669 INFO o.a.j.JMeter: java.version=21.0.5
2025-01-20 16:35:17,669 INFO o.a.j.JMeter: java.vm.name=Java HotSpot(TM) 64-Bit Server VM
2025-01-20 16:35:17,669 INFO o.a.j.JMeter: os.name=Windows 11
2025-01-20 16:35:17,669 INFO o.a.j.JMeter: os.arch=amd64
2025-01-20 16:35:17,669 INFO o.a.j.JMeter: os.version=10.0
2025-01-20 16:35:17,669 INFO o.a.j.JMeter: file.encoding=UTF-8
2025-01-20 16:35:17,669 INFO o.a.j.JMeter: java.awt.headless=true
2025-01-20 16:35:17,669 INFO o.a.j.JMeter: Max memory     =536870912
2025-01-20 16:35:17,669 INFO o.a.j.JMeter: Available Processors =8
2025-01-20 16:35:17,669 INFO o.a.j.JMeter: Default Locale=English (United States)
2025-01-20 16:35:17,669 INFO o.a.j.JMeter: JMeter  Locale=English (United States)
2025-01-20 16:35:17,669 INFO o.a.j.JMeter: JMeterHome=C:\Users\Vaibhav.Kadam\eclipse-workspace\JmeterDemo\target\fc957c15-d348-43c8-88c5-4e41dcf58ba8\jmeter
2025-01-20 16:35:17,669 INFO o.a.j.JMeter: user.dir  =C:\Users\Vaibhav.Kadam\eclipse-workspace\JmeterDemo\target\fc957c15-d348-43c8-88c5-4e41dcf58ba8\jmeter\bin
2025-01-20 16:35:17,669 INFO o.a.j.JMeter: PWD       =C:\Users\Vaibhav.Kadam\eclipse-workspace\JmeterDemo\target\fc957c15-d348-43c8-88c5-4e41dcf58ba8\jmeter\bin
2025-01-20 16:35:17,682 INFO o.a.j.JMeter: IP: 192.168.1.6 Name: MUM-LAP-1240 FullName: MUM-LAP-1240.global.internal
2025-01-20 16:35:17,698 INFO o.a.j.s.FileServer: Default base='C:\Users\Vaibhav.Kadam\eclipse-workspace\JmeterDemo\target\fc957c15-d348-43c8-88c5-4e41dcf58ba8\jmeter\bin'
2025-01-20 16:35:17,698 INFO o.a.j.s.FileServer: Set new base='C:\Users\Vaibhav.Kadam\eclipse-workspace\JmeterDemo\target\jmeter\testFiles'
2025-01-20 16:35:17,926 INFO o.a.j.s.SaveService: Testplan (JMX) version: 2.2. Testlog (JTL) version: 2.2
2025-01-20 16:35:17,960 INFO o.a.j.s.SaveService: Using SaveService properties version 5.0
2025-01-20 16:35:17,969 INFO o.a.j.s.SaveService: Using SaveService properties file encoding UTF-8
2025-01-20 16:35:17,969 INFO o.a.j.s.SaveService: Loading file: C:\Users\Vaibhav.Kadam\eclipse-workspace\JmeterDemo\target\jmeter\testFiles\WeatherAPI.jmx
2025-01-20 16:35:18,028 INFO o.a.j.p.h.c.CookieManager: Settings: Delete null: true Check: true Allow variable: true Save: false Prefix: COOKIE_
2025-01-20 16:35:18,028 INFO o.a.j.p.h.c.CacheManager: Will only cache the following methods: [GET]
2025-01-20 16:35:18,057 INFO o.a.j.p.h.s.HTTPSamplerBase: Parser for text/html is org.apache.jmeter.protocol.http.parser.LagartoBasedHtmlParser
2025-01-20 16:35:18,057 INFO o.a.j.p.h.s.HTTPSamplerBase: Parser for application/xhtml+xml is org.apache.jmeter.protocol.http.parser.LagartoBasedHtmlParser
2025-01-20 16:35:18,057 INFO o.a.j.p.h.s.HTTPSamplerBase: Parser for application/xml is org.apache.jmeter.protocol.http.parser.LagartoBasedHtmlParser
2025-01-20 16:35:18,057 INFO o.a.j.p.h.s.HTTPSamplerBase: Parser for text/xml is org.apache.jmeter.protocol.http.parser.LagartoBasedHtmlParser
2025-01-20 16:35:18,057 INFO o.a.j.p.h.s.HTTPSamplerBase: Parser for text/vnd.wap.wml is org.apache.jmeter.protocol.http.parser.RegexpHTMLParser
2025-01-20 16:35:18,057 INFO o.a.j.p.h.s.HTTPSamplerBase: Parser for text/css is org.apache.jmeter.protocol.http.parser.CssParser
2025-01-20 16:35:18,119 INFO o.a.j.JMeter: Creating summariser <summary>
2025-01-20 16:35:18,135 INFO o.a.j.e.StandardJMeterEngine: Running the test!
2025-01-20 16:35:18,135 INFO o.a.j.s.SampleEvent: List of sample_variables: []
2025-01-20 16:35:18,135 INFO o.a.j.s.SampleEvent: List of sample_variables: []
2025-01-20 16:35:18,145 INFO o.a.j.e.u.CompoundVariable: Note: Function class names must contain the string: '.functions.'
2025-01-20 16:35:18,145 INFO o.a.j.e.u.CompoundVariable: Note: Function class names must not contain the string: '.gui.'
2025-01-20 16:35:18,239 INFO o.a.j.r.ClassFinder: Will scan jar C:\Users\Vaibhav.Kadam\eclipse-workspace\JmeterDemo\target\fc957c15-d348-43c8-88c5-4e41dcf58ba8\jmeter\lib\ext\jmeter-plugins-casutg-2.10.jar with filter ExtendsClassFilter [parents=[interface org.apache.jmeter.functions.Function], inner=false, contains=null, notContains=null]. Consider exposing JMeter plugins via META-INF/services, and add JMeter-Skip-Class-Scanning=true manifest attribute so JMeter can skip classfile scanning
2025-01-20 16:35:18,335 INFO o.a.j.JMeter: Running test (1737371118335)
2025-01-20 16:35:18,350 INFO o.a.j.e.StandardJMeterEngine: Starting ThreadGroup: 1 : Thread Group
2025-01-20 16:35:18,350 INFO o.a.j.e.StandardJMeterEngine: Starting 1 threads for group Thread Group.
2025-01-20 16:35:18,350 INFO o.a.j.e.StandardJMeterEngine: Thread will continue on error
2025-01-20 16:35:18,350 INFO o.a.j.t.ThreadGroup: Starting thread group... number=1 threads=1 ramp-up=1 delayedStart=false
2025-01-20 16:35:18,358 INFO o.a.j.t.ThreadGroup: Started thread group number 1
2025-01-20 16:35:18,358 INFO o.a.j.e.StandardJMeterEngine: All thread groups have been started
2025-01-20 16:35:18,364 INFO o.a.j.s.SampleResult: Note: Sample TimeStamps are START times
2025-01-20 16:35:18,364 INFO o.a.j.s.SampleResult: sampleresult.default.encoding is set to UTF-8
2025-01-20 16:35:18,364 INFO o.a.j.s.SampleResult: sampleresult.useNanoTime=true
2025-01-20 16:35:18,364 INFO o.a.j.s.SampleResult: sampleresult.nanoThreadSleep=5000
2025-01-20 16:35:18,364 INFO o.a.j.t.JMeterThread: Thread started: Thread Group 1-1
2025-01-20 16:35:18,367 WARN o.a.j.p.h.s.HTTPSamplerBase: Existing DNSCacheManager DNS Cache Manager superseded by DNS Cache Manager
2025-01-20 16:35:18,367 WARN o.a.j.p.h.s.HTTPSamplerBase: Existing AuthManager HTTP Authorization Manager superseded by HTTP Authorization Manager
2025-01-20 16:35:18,367 WARN o.a.j.p.h.s.HTTPSamplerBase: Existing CookieManager HTTP Cookie Manager superseded by HTTP Cookie Manager
2025-01-20 16:35:18,367 WARN o.a.j.p.h.s.HTTPSamplerBase: Existing CacheManager HTTP Cache Manager superseded by HTTP Cache Manager
2025-01-20 16:35:18,367 WARN o.a.j.p.h.s.HTTPSamplerBase: Existing DNSCacheManager DNS Cache Manager superseded by DNS Cache Manager
2025-01-20 16:35:18,367 WARN o.a.j.p.h.s.HTTPSamplerBase: Existing AuthManager HTTP Authorization Manager superseded by HTTP Authorization Manager
2025-01-20 16:35:18,367 WARN o.a.j.p.h.s.HTTPSamplerBase: Existing CookieManager HTTP Cookie Manager superseded by HTTP Cookie Manager
2025-01-20 16:35:18,367 WARN o.a.j.p.h.s.HTTPSamplerBase: Existing CacheManager HTTP Cache Manager superseded by HTTP Cache Manager
2025-01-20 16:35:18,382 INFO o.a.j.p.h.s.HTTPHCAbstractImpl: Local host = MUM-LAP-1240
2025-01-20 16:35:18,385 INFO o.a.j.p.h.s.HTTPHC4Impl: HTTP request retry count = 0
2025-01-20 16:35:18,463 INFO o.a.j.p.h.s.h.LazyLayeredConnectionSocketFactory: Setting up HTTPS TrustAll Socket Factory
2025-01-20 16:35:18,468 INFO o.a.j.u.JsseSSLManager: Using default SSL protocol: TLS
2025-01-20 16:35:18,468 INFO o.a.j.u.JsseSSLManager: SSL session context: per-thread
2025-01-20 16:35:18,717 INFO o.a.j.u.SSLManager: JmeterKeyStore Location:  type JKS
2025-01-20 16:35:18,717 INFO o.a.j.u.SSLManager: KeyStore created OK
2025-01-20 16:35:18,717 WARN o.a.j.u.SSLManager: Keystore file not found, loading empty keystore
2025-01-20 16:35:20,135 WARN o.a.j.p.h.s.HTTPSamplerBase: Existing DNSCacheManager DNS Cache Manager superseded by DNS Cache Manager
2025-01-20 16:35:20,135 WARN o.a.j.p.h.s.HTTPSamplerBase: Existing AuthManager HTTP Authorization Manager superseded by HTTP Authorization Manager
2025-01-20 16:35:20,135 WARN o.a.j.p.h.s.HTTPSamplerBase: Existing CookieManager HTTP Cookie Manager superseded by HTTP Cookie Manager
2025-01-20 16:35:20,135 WARN o.a.j.p.h.s.HTTPSamplerBase: Existing CacheManager HTTP Cache Manager superseded by HTTP Cache Manager
2025-01-20 16:35:20,136 WARN o.a.j.p.h.s.HTTPSamplerBase: Existing DNSCacheManager DNS Cache Manager superseded by DNS Cache Manager
2025-01-20 16:35:20,136 WARN o.a.j.p.h.s.HTTPSamplerBase: Existing AuthManager HTTP Authorization Manager superseded by HTTP Authorization Manager
2025-01-20 16:35:20,137 WARN o.a.j.p.h.s.HTTPSamplerBase: Existing CookieManager HTTP Cookie Manager superseded by HTTP Cookie Manager
2025-01-20 16:35:20,137 WARN o.a.j.p.h.s.HTTPSamplerBase: Existing CacheManager HTTP Cache Manager superseded by HTTP Cache Manager
2025-01-20 16:35:49,526 INFO o.a.j.t.JMeterThread: Thread is done: Thread Group 1-1
2025-01-20 16:35:49,526 INFO o.a.j.t.JMeterThread: Thread finished: Thread Group 1-1
2025-01-20 16:35:49,531 INFO o.a.j.e.StandardJMeterEngine: Notifying test listeners of end of test
2025-01-20 16:35:49,542 INFO o.a.j.r.Summariser: summary =      2 in 00:00:31 =    0.1/s Avg:  1314 Min:   954 Max:  1675 Err:     0 (0.00%)
